<?xml version="1.0" encoding="UTF-8"?>
<!-- Generated by org.testng.reporters.JUnitXMLReporter -->
<testsuite ignored="4" hostname="LTIN271383" failures="0" tests="12" name="Test" time="97.94" errors="0" timestamp="2024-02-29T15:29:48 IST">
  <testcase classname="testCases.TC_0001" name="checkLocation" time="6.159"/>
  <testcase classname="testCases.TC_0001" name="searchCarWashingSrvcs" time="8.056"/>
  <testcase classname="testCases.TC_0001" name="applyFilters" time="7.827"/>
  <testcase classname="testCases.TC_0001" name="clickContactButton" time="20.183"/>
  <testcase classname="testCases.TC_0001" name="printCarWashingSrvcsDetails" time="5.684"/>
  <testcase classname="testCases.TC_0002" name="launchFreeListing" time="4.476"/>
  <testcase classname="testCases.TC_0002" name="clickStartNowBtn" time="2.166"/>
  <testcase classname="testCases.TC_0002" name="printInvalidMessage" time="2.055"/>
  <testcase classname="testCases.TC_0002" name="navigateBack" time="2.333"/>
  <testcase classname="testCases.TC_0003" name="clickGymSection" time="3.893"/>
  <testcase classname="testCases.TC_0003" name="printGymSubList" time="6.351"/>
  <testcase classname="testCases.TC_0003" name="printSubMenuList" time="5.233"/>
  <testcase classname="testBase.baseClass" name="@AfterTest tearDown" time="0.0">
    <ignored/>
  </testcase> <!-- @AfterTest tearDown -->
  <testcase classname="testBase.baseClass" name="@AfterTest tearDown" time="0.0">
    <ignored/>
  </testcase> <!-- @AfterTest tearDown -->
  <testcase classname="testBase.baseClass" name="@BeforeTest setup" time="0.0">
    <ignored/>
  </testcase> <!-- @BeforeTest setup -->
  <testcase classname="testBase.baseClass" name="@BeforeTest setup" time="0.0">
    <ignored/>
  </testcase> <!-- @BeforeTest setup -->
</testsuite> <!-- Test -->
